Arguments: 
  /usr/bin/node /usr/share/yarn/bin/yarn.js install

PATH: 
  /usr/local/sbin:/usr/local/bin:/usr/sbin:/usr/bin:/sbin:/bin:/usr/games:/usr/local/games:/usr/lib/wsl/lib:/mnt/c/windows/system32:/mnt/c/windows:/mnt/c/windows/System32/Wbem:/mnt/c/windows/System32/WindowsPowerShell/v1.0/:/mnt/c/windows/System32/OpenSSH/:/mnt/c/Program Files/Docker/Docker/resources/bin:/mnt/c/ProgramData/DockerDesktop/version-bin:/mnt/c/Program Files/dotnet/:/mnt/c/Program Files (x86)/Microsoft SQL Server/150/DTS/Binn/:/mnt/c/Program Files/Azure Data Studio/bin:/mnt/c/Program Files/nodejs/:/mnt/c/ProgramData/chocolatey/bin:/mnt/c/Program Files/OpenJDK/openjdk-11.0.15_10/bin:/mnt/c/Program Files (x86)/Yarn/bin/:/mnt/c/Users/Contraprova/AppData/Local/Android/Sdk/emulator:/mnt/c/Users/Contraprova/AppData/Local/Android/Sdk/tools:/mnt/c/Users/Contraprova/AppData/Local/Android/Sdk/tools/bin:/mnt/c/Users/Contraprova/AppData/Local/Android/Sdk/platform-tools:/mnt/c/Users/Contraprova/AppData/Local/Microsoft/WindowsApps:/mnt/c/Users/Contraprova/AppData/Local/Programs/Microsoft VS Code/bin:/mnt/c/Users/Contraprova/AppData/Local/Programs/Git/cmd:/mnt/c/Users/Contraprova/.dotnet/tools:/mnt/c/Users/Contraprova/AppData/Local/Programs/Azure Data Studio/bin:/mnt/c/Users/Contraprova/AppData/Roaming/npm:/mnt/c/Users/Contraprova/AppData/Local/Yarn/bin

Yarn version: 
  1.22.19

Node version: 
  14.19.3

Platform: 
  linux x64

Trace: 
  Error: https://registry.yarnpkg.com/expo: ETIMEDOUT
      at Timeout._onTimeout (/usr/share/yarn/lib/cli.js:141550:19)
      at listOnTimeout (internal/timers.js:557:17)
      at processTimers (internal/timers.js:500:7)

npm manifest: 
  {
    "name": "mobile",
    "version": "1.0.0",
    "main": "node_modules/expo/AppEntry.js",
    "scripts": {
      "start": "expo start",
      "android": "expo start --android",
      "ios": "expo start --ios",
      "web": "expo start --web"
    },
    "dependencies": {
      "expo": "~46.0.9",
      "expo-status-bar": "~1.4.0",
      "react": "18.0.0",
      "react-dom": "18.0.0",
      "react-native": "0.69.5",
      "react-native-web": "~0.18.7"
    },
    "devDependencies": {
      "@babel/core": "^7.12.9",
      "@types/react": "~18.0.14",
      "@types/react-native": "~0.69.1",
      "typescript": "~4.3.5"
    },
    "private": true
  }

yarn manifest: 
  No manifest

Lockfile: 
  No lockfile
